2025-08-05 12:35:34,695 - INFO - Data loaded successfully. Shape: (9609797, 18)
2025-08-05 12:35:36,487 - INFO - Product distribution:
Product
Credit reporting or other personal consumer reports                             4834855
Credit reporting, credit repair services, or other personal consumer reports    2163857
Debt collection                                                                  799197
Mortgage                                                                         422254
Checking or savings account                                                      291178
Credit card                                                                      226686
Credit card or prepaid card                                                      206369
Money transfer, virtual currency, or money service                               145066
Credit reporting                                                                 140429
Student loan                                                                     109717
Bank account or service                                                           86205
Vehicle loan or lease                                                             72957
Consumer Loan                                                                     31574
Payday loan, title loan, or personal loan                                         30641
Payday loan, title loan, personal loan, or advance loan                           16514
Prepaid card                                                                      15280
Payday loan                                                                        5541
Money transfers                                                                    5354
Debt or credit management                                                          5047
Other financial service                                                            1058
Virtual currency                                                                     18
Name: count, dtype: int64
